[debug] [2020-10-17T00:08:05.534Z] ----------------------------------------------------------------------
[debug] [2020-10-17T00:08:05.536Z] Command:       C:\Program Files\nodejs\node.exe C:\Users\Gabriel\AppData\Roaming\npm\node_modules\firebase-tools\lib\bin\firebase.js emulators:start --only functions
[debug] [2020-10-17T00:08:05.536Z] CLI Version:   8.12.1
[debug] [2020-10-17T00:08:05.536Z] Platform:      win32
[debug] [2020-10-17T00:08:05.536Z] Node Version:  v14.8.0
[debug] [2020-10-17T00:08:05.537Z] Time:          Fri Oct 16 2020 21:08:05 GMT-0300 (Horário Padrão de Brasília)
[debug] [2020-10-17T00:08:05.537Z] ----------------------------------------------------------------------
[debug] [2020-10-17T00:08:05.537Z] 
[debug] [2020-10-17T00:08:05.543Z] > command requires scopes: ["email","openid","https://www.googleapis.com/auth/cloudplatformprojects.readonly","https://www.googleapis.com/auth/firebase","https://www.googleapis.com/auth/cloud-platform"]
[debug] [2020-10-17T00:08:05.543Z] > authorizing via signed-in user
[info] i  emulators: Starting emulators: functions {"metadata":{"emulator":{"name":"hub"},"message":"Starting emulators: functions"}}
[debug] [2020-10-17T00:08:07.561Z] [hub] writing locator at C:\Users\Gabriel\AppData\Local\Temp\hub-statsfyng.json
[warn] !  functions: The following emulators are not running, calls to these services from the Functions emulator will affect production: auth, firestore, database, hosting, pubsub {"metadata":{"emulator":{"name":"functions"},"message":"The following emulators are not running, calls to these services from the Functions emulator will affect production: \u001b[1mauth, firestore, database, hosting, pubsub\u001b[22m"}}
[warn] !  Your requested "node" version "10" doesn't match your global version "14" {"metadata":{"emulator":{"name":"functions"},"message":"Your requested \"node\" version \"10\" doesn't match your global version \"14\""}}
[debug] [2020-10-17T00:08:09.606Z] defaultcredentials: writing to file C:\Users\Gabriel\AppData\Roaming\firebase\gabriel_carneiro.castro_gmail.com_application_default_credentials.json
[debug] [2020-10-17T00:08:09.608Z] Setting GAC to C:\Users\Gabriel\AppData\Roaming\firebase\gabriel_carneiro.castro_gmail.com_application_default_credentials.json {"metadata":{"emulator":{"name":"functions"},"message":"Setting GAC to C:\\Users\\Gabriel\\AppData\\Roaming\\firebase\\gabriel_carneiro.castro_gmail.com_application_default_credentials.json"}}
[debug] [2020-10-17T00:08:10.377Z] [work-queue] {"queueLength":1,"workRunningCount":0}
[debug] [2020-10-17T00:08:10.377Z] [work-queue] {"queueLength":0,"workRunningCount":1}
[debug] [2020-10-17T00:08:10.378Z] FirebaseError: No trigger with name auth {"metadata":{"emulator":{"name":"functions"},"message":{"name":"FirebaseError","children":[],"exit":1,"message":"No trigger with name auth","status":500}}}
[debug] [2020-10-17T00:08:10.378Z] [work-queue] {"queueLength":0,"workRunningCount":0}
[warn] !  ui: Emulator UI unable to start on port 4000, starting on 4001 instead. {"metadata":{"emulator":{"name":"ui"},"message":"Emulator UI unable to start on port 4000, starting on 4001 instead."}}
[debug] [2020-10-17T00:08:11.629Z] Ignoring unsupported arg: auto_download {"metadata":{"emulator":{"name":"ui"},"message":"Ignoring unsupported arg: auto_download"}}
[debug] [2020-10-17T00:08:11.629Z] Ignoring unsupported arg: port {"metadata":{"emulator":{"name":"ui"},"message":"Ignoring unsupported arg: port"}}
[debug] [2020-10-17T00:08:11.629Z] Starting Emulator UI with command {"binary":"node","args":["C:\\Users\\Gabriel\\.cache\\firebase\\emulators\\ui-v1.1.1\\server.bundle.js"],"optionalArgs":[],"joinArgs":false} {"metadata":{"emulator":{"name":"ui"},"message":"Starting Emulator UI with command {\"binary\":\"node\",\"args\":[\"C:\\\\Users\\\\Gabriel\\\\.cache\\\\firebase\\\\emulators\\\\ui-v1.1.1\\\\server.bundle.js\"],\"optionalArgs\":[],\"joinArgs\":false}"}}
[info] i  ui: Emulator UI logging to ui-debug.log {"metadata":{"emulator":{"name":"ui"},"message":"Emulator UI logging to \u001b[1mui-debug.log\u001b[22m"}}
[debug] [2020-10-17T00:08:11.724Z] Web / API server started at http://localhost:4001
 {"metadata":{"emulator":{"name":"ui"},"message":"Web / API server started at http://localhost:4001\n"}}
[info] i  functions: Watching "C:\Users\Gabriel\Projetos\statsfy-angular\functions" for Cloud Functions... {"metadata":{"emulator":{"name":"functions"},"message":"Watching \"C:\\Users\\Gabriel\\Projetos\\statsfy-angular\\functions\" for Cloud Functions..."}}
[debug] [2020-10-17T00:08:12.165Z] [worker-pool] addWorker(~diagnostic~) {"metadata":{"emulator":{"name":"functions"},"message":"[worker-pool] addWorker(~diagnostic~)"}}
[debug] [2020-10-17T00:08:12.165Z] [worker-pool] Adding worker with key ~diagnostic~, total=1 {"metadata":{"emulator":{"name":"functions"},"message":"[worker-pool] Adding worker with key ~diagnostic~, total=1"}}
[debug] [2020-10-17T00:08:12.165Z] [worker-pool] submitWork(triggerId=) {"metadata":{"emulator":{"name":"functions"},"message":"[worker-pool] submitWork(triggerId=)"}}
[debug] [2020-10-17T00:08:12.166Z] [worker-~diagnostic~-371270a8-3f8a-4b16-ba86-2a2a7e93e1c7]: Assigning socketPath: \\?\pipe\C:\Users\Gabriel\Projetos\statsfy-angular\functions\26348 {"metadata":{"emulator":{"name":"functions"},"message":"[worker-~diagnostic~-371270a8-3f8a-4b16-ba86-2a2a7e93e1c7]: Assigning socketPath: \\\\?\\pipe\\C:\\Users\\Gabriel\\Projetos\\statsfy-angular\\functions\\26348"}}
[debug] [2020-10-17T00:08:12.166Z] [worker-~diagnostic~-371270a8-3f8a-4b16-ba86-2a2a7e93e1c7]: BUSY {"metadata":{"emulator":{"name":"functions"},"message":"[worker-~diagnostic~-371270a8-3f8a-4b16-ba86-2a2a7e93e1c7]: BUSY"}}
[debug] [2020-10-17T00:08:12.479Z] [runtime-status] [26348] Functions runtime initialized. {"cwd":"C:\\Users\\Gabriel\\Projetos\\statsfy-angular\\functions","node_version":"14.8.0"} {"metadata":{"emulator":{"name":"functions"},"message":"[runtime-status] [26348] Functions runtime initialized. {\"cwd\":\"C:\\\\Users\\\\Gabriel\\\\Projetos\\\\statsfy-angular\\\\functions\",\"node_version\":\"14.8.0\"}"}}
[debug] [2020-10-17T00:08:12.479Z] [runtime-status] [26348] Disabled runtime features: undefined {"metadata":{"emulator":{"name":"functions"},"message":"[runtime-status] [26348] Disabled runtime features: undefined"}}
[debug] [2020-10-17T00:08:12.482Z] [runtime-status] [26348] Resolved module firebase-admin {"declared":true,"installed":true,"version":"9.2.0","resolution":"C:\\Users\\Gabriel\\Projetos\\statsfy-angular\\functions\\node_modules\\firebase-admin\\lib\\index.js"} {"metadata":{"emulator":{"name":"functions"},"message":"[runtime-status] [26348] Resolved module firebase-admin {\"declared\":true,\"installed\":true,\"version\":\"9.2.0\",\"resolution\":\"C:\\\\Users\\\\Gabriel\\\\Projetos\\\\statsfy-angular\\\\functions\\\\node_modules\\\\firebase-admin\\\\lib\\\\index.js\"}"}}
[debug] [2020-10-17T00:08:12.483Z] [runtime-status] [26348] Resolved module firebase-functions {"declared":true,"installed":true,"version":"3.11.0","resolution":"C:\\Users\\Gabriel\\Projetos\\statsfy-angular\\functions\\node_modules\\firebase-functions\\lib\\index.js"} {"metadata":{"emulator":{"name":"functions"},"message":"[runtime-status] [26348] Resolved module firebase-functions {\"declared\":true,\"installed\":true,\"version\":\"3.11.0\",\"resolution\":\"C:\\\\Users\\\\Gabriel\\\\Projetos\\\\statsfy-angular\\\\functions\\\\node_modules\\\\firebase-functions\\\\lib\\\\index.js\"}"}}
[debug] [2020-10-17T00:08:12.484Z] [runtime-status] [26348] Found local functions config: C:\Users\Gabriel\Projetos\statsfy-angular\functions/.runtimeconfig.json {"metadata":{"emulator":{"name":"functions"},"message":"[runtime-status] [26348] Found local functions config: C:\\Users\\Gabriel\\Projetos\\statsfy-angular\\functions/.runtimeconfig.json"}}
[debug] [2020-10-17T00:08:12.484Z] [runtime-status] [26348] Resolved module firebase-functions {"declared":true,"installed":true,"version":"3.11.0","resolution":"C:\\Users\\Gabriel\\Projetos\\statsfy-angular\\functions\\node_modules\\firebase-functions\\lib\\index.js"} {"metadata":{"emulator":{"name":"functions"},"message":"[runtime-status] [26348] Resolved module firebase-functions {\"declared\":true,\"installed\":true,\"version\":\"3.11.0\",\"resolution\":\"C:\\\\Users\\\\Gabriel\\\\Projetos\\\\statsfy-angular\\\\functions\\\\node_modules\\\\firebase-functions\\\\lib\\\\index.js\"}"}}
[debug] [2020-10-17T00:08:12.486Z] [runtime-status] [26348] Outgoing network have been stubbed. [{"name":"http","status":"mocked"},{"name":"http","status":"mocked"},{"name":"https","status":"mocked"},{"name":"https","status":"mocked"},{"name":"net","status":"mocked"}] {"metadata":{"emulator":{"name":"functions"},"message":"[runtime-status] [26348] Outgoing network have been stubbed. [{\"name\":\"http\",\"status\":\"mocked\"},{\"name\":\"http\",\"status\":\"mocked\"},{\"name\":\"https\",\"status\":\"mocked\"},{\"name\":\"https\",\"status\":\"mocked\"},{\"name\":\"net\",\"status\":\"mocked\"}]"}}
[debug] [2020-10-17T00:08:12.486Z] [runtime-status] [26348] Resolved module firebase-functions {"declared":true,"installed":true,"version":"3.11.0","resolution":"C:\\Users\\Gabriel\\Projetos\\statsfy-angular\\functions\\node_modules\\firebase-functions\\lib\\index.js"} {"metadata":{"emulator":{"name":"functions"},"message":"[runtime-status] [26348] Resolved module firebase-functions {\"declared\":true,\"installed\":true,\"version\":\"3.11.0\",\"resolution\":\"C:\\\\Users\\\\Gabriel\\\\Projetos\\\\statsfy-angular\\\\functions\\\\node_modules\\\\firebase-functions\\\\lib\\\\index.js\"}"}}
[debug] [2020-10-17T00:08:12.523Z] [runtime-status] [26348] Checked functions.config() {"config":{"client":{"id":"d52550357c86461f890dc20e2c14f213","secret":"c19fbc56923d457d8cfd6451e628f1fa"},"redirects":{"code":"http://localhost:4200/api/code","tokens":"http://localhost:4200/tokens"}}} {"metadata":{"emulator":{"name":"functions"},"message":"[runtime-status] [26348] Checked functions.config() {\"config\":{\"client\":{\"id\":\"d52550357c86461f890dc20e2c14f213\",\"secret\":\"c19fbc56923d457d8cfd6451e628f1fa\"},\"redirects\":{\"code\":\"http://localhost:4200/api/code\",\"tokens\":\"http://localhost:4200/tokens\"}}}"}}
[debug] [2020-10-17T00:08:12.523Z] [runtime-status] [26348] firebase-functions has been stubbed. {"functionsResolution":{"declared":true,"installed":true,"version":"3.11.0","resolution":"C:\\Users\\Gabriel\\Projetos\\statsfy-angular\\functions\\node_modules\\firebase-functions\\lib\\index.js"}} {"metadata":{"emulator":{"name":"functions"},"message":"[runtime-status] [26348] firebase-functions has been stubbed. {\"functionsResolution\":{\"declared\":true,\"installed\":true,\"version\":\"3.11.0\",\"resolution\":\"C:\\\\Users\\\\Gabriel\\\\Projetos\\\\statsfy-angular\\\\functions\\\\node_modules\\\\firebase-functions\\\\lib\\\\index.js\"}}"}}
[debug] [2020-10-17T00:08:12.524Z] [runtime-status] [26348] Resolved module firebase-functions {"declared":true,"installed":true,"version":"3.11.0","resolution":"C:\\Users\\Gabriel\\Projetos\\statsfy-angular\\functions\\node_modules\\firebase-functions\\lib\\index.js"} {"metadata":{"emulator":{"name":"functions"},"message":"[runtime-status] [26348] Resolved module firebase-functions {\"declared\":true,\"installed\":true,\"version\":\"3.11.0\",\"resolution\":\"C:\\\\Users\\\\Gabriel\\\\Projetos\\\\statsfy-angular\\\\functions\\\\node_modules\\\\firebase-functions\\\\lib\\\\index.js\"}"}}
[debug] [2020-10-17T00:08:12.525Z] [runtime-status] [26348] Resolved module firebase-admin {"declared":true,"installed":true,"version":"9.2.0","resolution":"C:\\Users\\Gabriel\\Projetos\\statsfy-angular\\functions\\node_modules\\firebase-admin\\lib\\index.js"} {"metadata":{"emulator":{"name":"functions"},"message":"[runtime-status] [26348] Resolved module firebase-admin {\"declared\":true,\"installed\":true,\"version\":\"9.2.0\",\"resolution\":\"C:\\\\Users\\\\Gabriel\\\\Projetos\\\\statsfy-angular\\\\functions\\\\node_modules\\\\firebase-admin\\\\lib\\\\index.js\"}"}}
[debug] [2020-10-17T00:08:12.525Z] [runtime-status] [26348] Resolved module firebase-functions {"declared":true,"installed":true,"version":"3.11.0","resolution":"C:\\Users\\Gabriel\\Projetos\\statsfy-angular\\functions\\node_modules\\firebase-functions\\lib\\index.js"} {"metadata":{"emulator":{"name":"functions"},"message":"[runtime-status] [26348] Resolved module firebase-functions {\"declared\":true,\"installed\":true,\"version\":\"3.11.0\",\"resolution\":\"C:\\\\Users\\\\Gabriel\\\\Projetos\\\\statsfy-angular\\\\functions\\\\node_modules\\\\firebase-functions\\\\lib\\\\index.js\"}"}}
[debug] [2020-10-17T00:08:12.525Z] [runtime-status] [26348] firebase-admin has been stubbed. {"adminResolution":{"declared":true,"installed":true,"version":"9.2.0","resolution":"C:\\Users\\Gabriel\\Projetos\\statsfy-angular\\functions\\node_modules\\firebase-admin\\lib\\index.js"}} {"metadata":{"emulator":{"name":"functions"},"message":"[runtime-status] [26348] firebase-admin has been stubbed. {\"adminResolution\":{\"declared\":true,\"installed\":true,\"version\":\"9.2.0\",\"resolution\":\"C:\\\\Users\\\\Gabriel\\\\Projetos\\\\statsfy-angular\\\\functions\\\\node_modules\\\\firebase-admin\\\\lib\\\\index.js\"}}"}}
[info] +  functions[auth]: http function initialized (http://localhost:5001/statsfyng/us-central1/auth). {"metadata":{"emulator":{"name":"functions"},"message":"\u001b[1mhttp\u001b[22m function initialized (http://localhost:5001/statsfyng/us-central1/auth)."}}
[info] 
┌───────────────────────────────────────────────────────────────────────┐
│ ✔  All emulators ready! View status and logs at http://localhost:4001 │
└───────────────────────────────────────────────────────────────────────┘

┌───────────┬────────────────┬─────────────────────────────────┐
│ Emulator  │ Host:Port      │ View in Emulator UI             │
├───────────┼────────────────┼─────────────────────────────────┤
│ Functions │ localhost:5001 │ http://localhost:4001/functions │
└───────────┴────────────────┴─────────────────────────────────┘
  Other reserved ports: 4400, 4500

Issues? Report them at https://github.com/firebase/firebase-tools/issues and attach the *-debug.log files.
 
[debug] [2020-10-17T00:08:12.665Z] [worker-~diagnostic~-371270a8-3f8a-4b16-ba86-2a2a7e93e1c7]: IDLE {"metadata":{"emulator":{"name":"functions"},"message":"[worker-~diagnostic~-371270a8-3f8a-4b16-ba86-2a2a7e93e1c7]: IDLE"}}
[debug] [2020-10-17T00:08:20.541Z] [work-queue] {"queueLength":1,"workRunningCount":0}
[debug] [2020-10-17T00:08:20.541Z] [work-queue] {"queueLength":0,"workRunningCount":1}
[debug] [2020-10-17T00:08:20.541Z] Accepted request GET /statsfyng/us-central1/auth/autorize --> auth
[debug] [2020-10-17T00:08:20.548Z] [worker-pool] addWorker(auth) {"metadata":{"emulator":{"name":"functions"},"message":"[worker-pool] addWorker(auth)"}}
[debug] [2020-10-17T00:08:20.548Z] [worker-pool] Adding worker with key auth, total=1 {"metadata":{"emulator":{"name":"functions"},"message":"[worker-pool] Adding worker with key auth, total=1"}}
[debug] [2020-10-17T00:08:20.548Z] [worker-pool] submitWork(triggerId=auth) {"metadata":{"emulator":{"name":"functions"},"message":"[worker-pool] submitWork(triggerId=auth)"}}
[debug] [2020-10-17T00:08:20.548Z] [worker-auth-13e8d7cc-e4ef-4ecd-a883-8f90c8c4b5d1]: Assigning socketPath: \\?\pipe\C:\Users\Gabriel\Projetos\statsfy-angular\functions\28172 {"metadata":{"emulator":{"name":"functions"},"message":"[worker-auth-13e8d7cc-e4ef-4ecd-a883-8f90c8c4b5d1]: Assigning socketPath: \\\\?\\pipe\\C:\\Users\\Gabriel\\Projetos\\statsfy-angular\\functions\\28172"}}
[debug] [2020-10-17T00:08:20.548Z] [worker-auth-13e8d7cc-e4ef-4ecd-a883-8f90c8c4b5d1]: BUSY {"metadata":{"emulator":{"name":"functions"},"message":"[worker-auth-13e8d7cc-e4ef-4ecd-a883-8f90c8c4b5d1]: BUSY"}}
[debug] [2020-10-17T00:08:20.866Z] [runtime-status] [28172] Functions runtime initialized. {"cwd":"C:\\Users\\Gabriel\\Projetos\\statsfy-angular\\functions","node_version":"14.8.0"} {"metadata":{"emulator":{"name":"functions"},"function":{"name":"auth"},"message":"[runtime-status] [28172] Functions runtime initialized. {\"cwd\":\"C:\\\\Users\\\\Gabriel\\\\Projetos\\\\statsfy-angular\\\\functions\",\"node_version\":\"14.8.0\"}"}}
[debug] [2020-10-17T00:08:20.867Z] [runtime-status] [28172] Disabled runtime features: undefined {"metadata":{"emulator":{"name":"functions"},"function":{"name":"auth"},"message":"[runtime-status] [28172] Disabled runtime features: undefined"}}
[debug] [2020-10-17T00:08:20.870Z] [runtime-status] [28172] Resolved module firebase-admin {"declared":true,"installed":true,"version":"9.2.0","resolution":"C:\\Users\\Gabriel\\Projetos\\statsfy-angular\\functions\\node_modules\\firebase-admin\\lib\\index.js"} {"metadata":{"emulator":{"name":"functions"},"function":{"name":"auth"},"message":"[runtime-status] [28172] Resolved module firebase-admin {\"declared\":true,\"installed\":true,\"version\":\"9.2.0\",\"resolution\":\"C:\\\\Users\\\\Gabriel\\\\Projetos\\\\statsfy-angular\\\\functions\\\\node_modules\\\\firebase-admin\\\\lib\\\\index.js\"}"}}
[debug] [2020-10-17T00:08:20.871Z] [runtime-status] [28172] Resolved module firebase-functions {"declared":true,"installed":true,"version":"3.11.0","resolution":"C:\\Users\\Gabriel\\Projetos\\statsfy-angular\\functions\\node_modules\\firebase-functions\\lib\\index.js"} {"metadata":{"emulator":{"name":"functions"},"function":{"name":"auth"},"message":"[runtime-status] [28172] Resolved module firebase-functions {\"declared\":true,\"installed\":true,\"version\":\"3.11.0\",\"resolution\":\"C:\\\\Users\\\\Gabriel\\\\Projetos\\\\statsfy-angular\\\\functions\\\\node_modules\\\\firebase-functions\\\\lib\\\\index.js\"}"}}
[debug] [2020-10-17T00:08:20.871Z] [runtime-status] [28172] Found local functions config: C:\Users\Gabriel\Projetos\statsfy-angular\functions/.runtimeconfig.json {"metadata":{"emulator":{"name":"functions"},"function":{"name":"auth"},"message":"[runtime-status] [28172] Found local functions config: C:\\Users\\Gabriel\\Projetos\\statsfy-angular\\functions/.runtimeconfig.json"}}
[debug] [2020-10-17T00:08:20.872Z] [runtime-status] [28172] Resolved module firebase-functions {"declared":true,"installed":true,"version":"3.11.0","resolution":"C:\\Users\\Gabriel\\Projetos\\statsfy-angular\\functions\\node_modules\\firebase-functions\\lib\\index.js"} {"metadata":{"emulator":{"name":"functions"},"function":{"name":"auth"},"message":"[runtime-status] [28172] Resolved module firebase-functions {\"declared\":true,\"installed\":true,\"version\":\"3.11.0\",\"resolution\":\"C:\\\\Users\\\\Gabriel\\\\Projetos\\\\statsfy-angular\\\\functions\\\\node_modules\\\\firebase-functions\\\\lib\\\\index.js\"}"}}
[debug] [2020-10-17T00:08:20.874Z] [runtime-status] [28172] Outgoing network have been stubbed. [{"name":"http","status":"mocked"},{"name":"http","status":"mocked"},{"name":"https","status":"mocked"},{"name":"https","status":"mocked"},{"name":"net","status":"mocked"}] {"metadata":{"emulator":{"name":"functions"},"function":{"name":"auth"},"message":"[runtime-status] [28172] Outgoing network have been stubbed. [{\"name\":\"http\",\"status\":\"mocked\"},{\"name\":\"http\",\"status\":\"mocked\"},{\"name\":\"https\",\"status\":\"mocked\"},{\"name\":\"https\",\"status\":\"mocked\"},{\"name\":\"net\",\"status\":\"mocked\"}]"}}
[debug] [2020-10-17T00:08:20.874Z] [runtime-status] [28172] Resolved module firebase-functions {"declared":true,"installed":true,"version":"3.11.0","resolution":"C:\\Users\\Gabriel\\Projetos\\statsfy-angular\\functions\\node_modules\\firebase-functions\\lib\\index.js"} {"metadata":{"emulator":{"name":"functions"},"function":{"name":"auth"},"message":"[runtime-status] [28172] Resolved module firebase-functions {\"declared\":true,\"installed\":true,\"version\":\"3.11.0\",\"resolution\":\"C:\\\\Users\\\\Gabriel\\\\Projetos\\\\statsfy-angular\\\\functions\\\\node_modules\\\\firebase-functions\\\\lib\\\\index.js\"}"}}
[debug] [2020-10-17T00:08:20.912Z] [runtime-status] [28172] Checked functions.config() {"config":{"client":{"id":"d52550357c86461f890dc20e2c14f213","secret":"c19fbc56923d457d8cfd6451e628f1fa"},"redirects":{"code":"http://localhost:4200/api/code","tokens":"http://localhost:4200/tokens"}}} {"metadata":{"emulator":{"name":"functions"},"function":{"name":"auth"},"message":"[runtime-status] [28172] Checked functions.config() {\"config\":{\"client\":{\"id\":\"d52550357c86461f890dc20e2c14f213\",\"secret\":\"c19fbc56923d457d8cfd6451e628f1fa\"},\"redirects\":{\"code\":\"http://localhost:4200/api/code\",\"tokens\":\"http://localhost:4200/tokens\"}}}"}}
[debug] [2020-10-17T00:08:20.912Z] [runtime-status] [28172] firebase-functions has been stubbed. {"functionsResolution":{"declared":true,"installed":true,"version":"3.11.0","resolution":"C:\\Users\\Gabriel\\Projetos\\statsfy-angular\\functions\\node_modules\\firebase-functions\\lib\\index.js"}} {"metadata":{"emulator":{"name":"functions"},"function":{"name":"auth"},"message":"[runtime-status] [28172] firebase-functions has been stubbed. {\"functionsResolution\":{\"declared\":true,\"installed\":true,\"version\":\"3.11.0\",\"resolution\":\"C:\\\\Users\\\\Gabriel\\\\Projetos\\\\statsfy-angular\\\\functions\\\\node_modules\\\\firebase-functions\\\\lib\\\\index.js\"}}"}}
[debug] [2020-10-17T00:08:20.912Z] [runtime-status] [28172] Resolved module firebase-functions {"declared":true,"installed":true,"version":"3.11.0","resolution":"C:\\Users\\Gabriel\\Projetos\\statsfy-angular\\functions\\node_modules\\firebase-functions\\lib\\index.js"} {"metadata":{"emulator":{"name":"functions"},"function":{"name":"auth"},"message":"[runtime-status] [28172] Resolved module firebase-functions {\"declared\":true,\"installed\":true,\"version\":\"3.11.0\",\"resolution\":\"C:\\\\Users\\\\Gabriel\\\\Projetos\\\\statsfy-angular\\\\functions\\\\node_modules\\\\firebase-functions\\\\lib\\\\index.js\"}"}}
[debug] [2020-10-17T00:08:20.913Z] [runtime-status] [28172] Resolved module firebase-admin {"declared":true,"installed":true,"version":"9.2.0","resolution":"C:\\Users\\Gabriel\\Projetos\\statsfy-angular\\functions\\node_modules\\firebase-admin\\lib\\index.js"} {"metadata":{"emulator":{"name":"functions"},"function":{"name":"auth"},"message":"[runtime-status] [28172] Resolved module firebase-admin {\"declared\":true,\"installed\":true,\"version\":\"9.2.0\",\"resolution\":\"C:\\\\Users\\\\Gabriel\\\\Projetos\\\\statsfy-angular\\\\functions\\\\node_modules\\\\firebase-admin\\\\lib\\\\index.js\"}"}}
[debug] [2020-10-17T00:08:20.913Z] [runtime-status] [28172] Resolved module firebase-functions {"declared":true,"installed":true,"version":"3.11.0","resolution":"C:\\Users\\Gabriel\\Projetos\\statsfy-angular\\functions\\node_modules\\firebase-functions\\lib\\index.js"} {"metadata":{"emulator":{"name":"functions"},"function":{"name":"auth"},"message":"[runtime-status] [28172] Resolved module firebase-functions {\"declared\":true,\"installed\":true,\"version\":\"3.11.0\",\"resolution\":\"C:\\\\Users\\\\Gabriel\\\\Projetos\\\\statsfy-angular\\\\functions\\\\node_modules\\\\firebase-functions\\\\lib\\\\index.js\"}"}}
[debug] [2020-10-17T00:08:20.914Z] [runtime-status] [28172] firebase-admin has been stubbed. {"adminResolution":{"declared":true,"installed":true,"version":"9.2.0","resolution":"C:\\Users\\Gabriel\\Projetos\\statsfy-angular\\functions\\node_modules\\firebase-admin\\lib\\index.js"}} {"metadata":{"emulator":{"name":"functions"},"function":{"name":"auth"},"message":"[runtime-status] [28172] firebase-admin has been stubbed. {\"adminResolution\":{\"declared\":true,\"installed\":true,\"version\":\"9.2.0\",\"resolution\":\"C:\\\\Users\\\\Gabriel\\\\Projetos\\\\statsfy-angular\\\\functions\\\\node_modules\\\\firebase-admin\\\\lib\\\\index.js\"}}"}}
[debug] [2020-10-17T00:08:21.023Z] [runtime-status] [28172] Trigger "auth" has been found, beginning invocation! {"metadata":{"emulator":{"name":"functions"},"function":{"name":"auth"},"message":"[runtime-status] [28172] Trigger \"auth\" has been found, beginning invocation!"}}
[info] i  functions: Beginning execution of "auth" {"metadata":{"emulator":{"name":"functions"},"function":{"name":"auth"},"message":"Beginning execution of \"auth\""}}
[debug] [2020-10-17T00:08:21.024Z] [runtime-status] [28172] triggerDefinition {"httpsTrigger":{},"name":"auth","entryPoint":"auth"} {"metadata":{"emulator":{"name":"functions"},"function":{"name":"auth"},"message":"[runtime-status] [28172] triggerDefinition {\"httpsTrigger\":{},\"name\":\"auth\",\"entryPoint\":\"auth\"}"}}
[debug] [2020-10-17T00:08:21.024Z] [runtime-status] [28172] Running auth in mode HTTPS {"metadata":{"emulator":{"name":"functions"},"function":{"name":"auth"},"message":"[runtime-status] [28172] Running auth in mode HTTPS"}}
[debug] [2020-10-17T00:08:21.026Z] [runtime-status] [28172] Attempting to listen to socketPath: \\?\pipe\C:\Users\Gabriel\Projetos\statsfy-angular\functions\28172 {"metadata":{"emulator":{"name":"functions"},"function":{"name":"auth"},"message":"[runtime-status] [28172] Attempting to listen to socketPath: \\\\?\\pipe\\C:\\Users\\Gabriel\\Projetos\\statsfy-angular\\functions\\28172"}}
[debug] [2020-10-17T00:08:21.028Z] [functions] Runtime ready! Sending request! {"metadata":{"emulator":{"name":"functions"},"message":"[functions] Runtime ready! Sending request!"}}
[debug] [2020-10-17T00:08:21.033Z] [runtime-status] [28172] Ephemeral server handling GET request {"metadata":{"emulator":{"name":"functions"},"function":{"name":"auth"},"message":"[runtime-status] [28172] Ephemeral server handling GET request"}}
[debug] [2020-10-17T00:08:21.038Z] [runtime-status] [28172] Ephemeral server survived. {"metadata":{"emulator":{"name":"functions"},"function":{"name":"auth"},"message":"[runtime-status] [28172] Ephemeral server survived."}}
[info] i  functions: Finished "auth" in ~1s {"metadata":{"emulator":{"name":"functions"},"function":{"name":"auth"},"message":"Finished \"auth\" in ~1s"}}
[debug] [2020-10-17T00:08:21.039Z] [worker-auth-13e8d7cc-e4ef-4ecd-a883-8f90c8c4b5d1]: IDLE {"metadata":{"emulator":{"name":"functions"},"message":"[worker-auth-13e8d7cc-e4ef-4ecd-a883-8f90c8c4b5d1]: IDLE"}}
[debug] [2020-10-17T00:08:21.039Z] [work-queue] {"queueLength":0,"workRunningCount":0}
[debug] [2020-10-17T00:08:21.448Z] [work-queue] {"queueLength":1,"workRunningCount":0}
[debug] [2020-10-17T00:08:21.448Z] [work-queue] {"queueLength":0,"workRunningCount":1}
[debug] [2020-10-17T00:08:21.448Z] Accepted request GET /statsfyng/us-central1/auth/code?code=AQBCpTPFoNDNcOj_p5bBkGzgGYpTx0RqMt9IQQCSJ655_JbHjZSBjpQy8AzuQRva3bRZjoYSadNN3k-A-_V5pqB_cJOBGUIpObkaP7GkjTc_pxPK6Fsso0E4KWrYtE7qua-sWjMyM-s0RbKwHu2P1xFUDnq7MMJF3Qotq6IpzZKACG8q5HPxsgoyg778VsppnJKw0bxhFAoVU0ojL7IzUV-vW4FC5CQ1Nh_b8D12CAC3lhH6twrPURM-Le5NuaInMJ8yTu7WBG4ftkTMXBwBS5QSQke8ZEs5diSb_VZMzS3BvETuY92VlWpFlVgRHK0pmt721Zc1S2cV056DyQstu4osbAT6IunZP6AeJJHMbEcAeaxjBaerdG6fE4QcVsu4Y7bb-S_w5HGQhNGRC2V-T0YQ8QL8tXXAe9xVEtPYIFoNetyMt5EjAezpLlU-erSvmkNu7Q --> auth
[debug] [2020-10-17T00:08:21.448Z] [worker-pool] submitWork(triggerId=auth) {"metadata":{"emulator":{"name":"functions"},"message":"[worker-pool] submitWork(triggerId=auth)"}}
[debug] [2020-10-17T00:08:21.449Z] [worker-auth-13e8d7cc-e4ef-4ecd-a883-8f90c8c4b5d1]: Assigning socketPath: \\?\pipe\C:\Users\Gabriel\Projetos\statsfy-angular\functions\28172 {"metadata":{"emulator":{"name":"functions"},"message":"[worker-auth-13e8d7cc-e4ef-4ecd-a883-8f90c8c4b5d1]: Assigning socketPath: \\\\?\\pipe\\C:\\Users\\Gabriel\\Projetos\\statsfy-angular\\functions\\28172"}}
[debug] [2020-10-17T00:08:21.449Z] [worker-auth-13e8d7cc-e4ef-4ecd-a883-8f90c8c4b5d1]: BUSY {"metadata":{"emulator":{"name":"functions"},"message":"[worker-auth-13e8d7cc-e4ef-4ecd-a883-8f90c8c4b5d1]: BUSY"}}
[debug] [2020-10-17T00:08:21.449Z] [runtime-status] [28172] Trigger "auth" has been found, beginning invocation! {"metadata":{"emulator":{"name":"functions"},"function":{"name":"auth"},"message":"[runtime-status] [28172] Trigger \"auth\" has been found, beginning invocation!"}}
[info] i  functions: Beginning execution of "auth" {"metadata":{"emulator":{"name":"functions"},"function":{"name":"auth"},"message":"Beginning execution of \"auth\""}}
[debug] [2020-10-17T00:08:21.450Z] [runtime-status] [28172] triggerDefinition {"httpsTrigger":{},"name":"auth","entryPoint":"auth"} {"metadata":{"emulator":{"name":"functions"},"function":{"name":"auth"},"message":"[runtime-status] [28172] triggerDefinition {\"httpsTrigger\":{},\"name\":\"auth\",\"entryPoint\":\"auth\"}"}}
[debug] [2020-10-17T00:08:21.450Z] [runtime-status] [28172] Running auth in mode HTTPS {"metadata":{"emulator":{"name":"functions"},"function":{"name":"auth"},"message":"[runtime-status] [28172] Running auth in mode HTTPS"}}
[debug] [2020-10-17T00:08:21.450Z] [runtime-status] [28172] Attempting to listen to socketPath: \\?\pipe\C:\Users\Gabriel\Projetos\statsfy-angular\functions\28172 {"metadata":{"emulator":{"name":"functions"},"function":{"name":"auth"},"message":"[runtime-status] [28172] Attempting to listen to socketPath: \\\\?\\pipe\\C:\\Users\\Gabriel\\Projetos\\statsfy-angular\\functions\\28172"}}
[debug] [2020-10-17T00:08:21.451Z] [functions] Runtime ready! Sending request! {"metadata":{"emulator":{"name":"functions"},"message":"[functions] Runtime ready! Sending request!"}}
[debug] [2020-10-17T00:08:21.453Z] [runtime-status] [28172] Ephemeral server handling GET request {"metadata":{"emulator":{"name":"functions"},"function":{"name":"auth"},"message":"[runtime-status] [28172] Ephemeral server handling GET request"}}
[debug] [2020-10-17T00:08:21.472Z] [runtime-status] [28172] Ephemeral server survived. {"metadata":{"emulator":{"name":"functions"},"function":{"name":"auth"},"message":"[runtime-status] [28172] Ephemeral server survived."}}
[info] i  functions: Finished "auth" in ~1s {"metadata":{"emulator":{"name":"functions"},"function":{"name":"auth"},"message":"Finished \"auth\" in ~1s"}}
[debug] [2020-10-17T00:08:21.712Z] [worker-auth-13e8d7cc-e4ef-4ecd-a883-8f90c8c4b5d1]: IDLE {"metadata":{"emulator":{"name":"functions"},"message":"[worker-auth-13e8d7cc-e4ef-4ecd-a883-8f90c8c4b5d1]: IDLE"}}
[debug] [2020-10-17T00:08:21.712Z] [work-queue] {"queueLength":0,"workRunningCount":0}
